<?xml version="1.0" encoding="UTF-8"?>
<!-- Generated by org.testng.reporters.JUnitReportReporter -->
<testsuite hostname="ATMECSBLRLT-030" failures="0" tests="1" name="com.atmecs.phpTravels.Phptravels" time="18.628" errors="0" timestamp="05 Oct 2020 08:00:38 GMT" skipped="0">
  <testcase classname="com.atmecs.phpTravels.Phptravels" name="runPhpTravels" time="18.628"/>
</testsuite> <!-- com.atmecs.phpTravels.Phptravels -->
