<?xml version="1.0" encoding="UTF-8"?>
<!-- Generated by org.testng.reporters.JUnitReportReporter -->
<testsuite hostname="ATMECSBLRLT-030" failures="0" tests="1" name="com.atmecs.phpTravels.Phptravels" time="18.034" errors="0" timestamp="24 Sep 2020 10:01:22 GMT" skipped="0">
  <testcase classname="com.atmecs.phpTravels.Phptravels" name="runPhpTravels" time="18.034"/>
</testsuite> <!-- com.atmecs.phpTravels.Phptravels -->
